<?xml version="1.0" encoding="utf-8"?>
<LinearLayout xmlns:android="http://schemas.android.com/apk/res/android"
    android:orientation="vertical"
    android:layout_width="match_parent"
    android:layout_height="match_parent">
    <TextView
        android:id="@+id/tv_num"
        android:layout_width="match_parent"
        android:layout_height="wrap_content"
        android:gravity="center"
        android:textSize="16sp"/>
    <de.hdodenhof.circleimageview.CircleImageView
        android:id="@+id/cim_is_correct"
        android:layout_width="match_parent"
        android:layout_height="match_parent"
        android:layout_margin="2dp"/>
</LinearLayout>